This is XeTeX, Version 3.141592653-2.6-0.999993 (TeX Live 2021) (preloaded format=xelatex 2021.8.17)  2 OCT 2022 10:33
entering extended mode
 restricted \write18 enabled.
 %&-line parsing enabled.
**Anna-Quaglieri.tex
(./Anna-Quaglieri.tex
LaTeX2e <2021-06-01> patch level 1
L3 programming layer <2021-07-12> (./awesome-cv.cls
Document Class: awesome-cv 2017/02/05 v1.6.1 Awesome Curriculum Vitae Class
(/Users/annaquaglieri/Library/TinyTeX/texmf-dist/tex/latex/base/article.cls
Document Class: article 2021/02/12 v1.4n Standard LaTeX document class
(/Users/annaquaglieri/Library/TinyTeX/texmf-dist/tex/latex/base/size11.clo
File: size11.clo 2021/02/12 v1.4n Standard LaTeX file (size option)
)
\c@part=\count178
\c@section=\count179
\c@subsection=\count180
\c@subsubsection=\count181
\c@paragraph=\count182
\c@subparagraph=\count183
\c@figure=\count184
\c@table=\count185
\abovecaptionskip=\skip47
\belowcaptionskip=\skip48
\bibindent=\dimen138
) (/Users/annaquaglieri/Library/TinyTeX/texmf-dist/tex/latex/tools/array.sty
Package: array 2021/04/20 v2.5e Tabular extension package (FMi)
\col@sep=\dimen139
\ar@mcellbox=\box50
\extrarowheight=\dimen140
\NC@list=\toks16
\extratabsurround=\skip49
\backup@length=\skip50
\ar@cellbox=\box51
)

! LaTeX Error: File `enumitem.sty' not found.

Type X to quit or <RETURN> to proceed,
or enter new name. (Default extension: sty)

Enter file name: 
! Emergency stop.
<read *> 
         
l.54 \RequirePackage
                    {ragged2e}^^M 
Here is how much of TeX's memory you used:
 294 strings out of 478475
 3672 string characters out of 5857777
 296957 words of memory out of 5000000
 20697 multiletter control sequences out of 15000+600000
 403438 words of font info for 28 fonts, out of 8000000 for 9000
 14 hyphenation exceptions out of 8191
 47i,0n,55p,132b,40s stack positions out of 5000i,500n,10000p,200000b,80000s

No pages of output.
